#
# There is insufficient memory for the Java Runtime Environment to continue.
# Native memory allocation (malloc) failed to allocate 1048576 bytes for AllocateHeap
# Possible reasons:
#   The system is out of physical RAM or swap space
#   The process is running with CompressedOops enabled, and the Java Heap may be blocking the growth of the native heap
# Possible solutions:
#   Reduce memory load on the system
#   Increase physical memory or swap space
#   Check if swap backing store is full
#   Decrease Java heap size (-Xmx/-Xms)
#   Decrease number of Java threads
#   Decrease Java thread stack sizes (-Xss)
#   Set larger code cache with -XX:ReservedCodeCacheSize=
#   JVM is running with Unscaled Compressed Oops mode in which the Java heap is
#     placed in the first 4GB address space. The Java Heap base address is the
#     maximum limit for the native heap growth. Please use -XX:HeapBaseMinAddress
#     to set the Java Heap base and to place the Java Heap above 4GB virtual address.
# This output file may be truncated or incomplete.
#
#  Out of Memory Error (allocation.cpp:44), pid=27264, tid=32688
#
# JRE version:  (21.0.6+8) (build )
# Java VM: Java HotSpot(TM) 64-Bit Server VM (21.0.6+8-LTS-188, mixed mode, sharing, tiered, compressed oops, compressed class ptrs, parallel gc, windows-amd64)
# No core dump will be written. Minidumps are not enabled by default on client versions of Windows
#

---------------  S U M M A R Y ------------

Command Line: --add-modules=ALL-SYSTEM --add-opens=java.base/java.util=ALL-UNNAMED --add-opens=java.base/java.lang=ALL-UNNAMED --add-opens=java.base/sun.nio.fs=ALL-UNNAMED -Declipse.application=org.eclipse.jdt.ls.core.id1 -Dosgi.bundles.defaultStartLevel=4 -Declipse.product=org.eclipse.jdt.ls.core.product -Djava.import.generatesMetadataFilesAtProjectRoot=false -DDetectVMInstallationsJob.disabled=true -Dfile.encoding=utf8 -XX:+UseParallelGC -XX:GCTimeRatio=4 -XX:AdaptiveSizePolicyWeight=90 -Dsun.zip.disableMemoryMapping=true -Xmx2G -Xms100m -Xlog:disable -javaagent:c:\Users\lucia\.vscode\extensions\redhat.java-1.56.2026071108-win32-x64\lombok\lombok-1.18.39-4050.jar -XX:+HeapDumpOnOutOfMemoryError -XX:HeapDumpPath=c:\Users\lucia\AppData\Roaming\Code\User\workspaceStorage\03d3d9b911a128ddc38f2a73ef80155c\redhat.java -Daether.dependencyCollector.impl=bf -XX:+UnlockDiagnosticVMOptions -XX:+AllowArchivingWithJavaAgent -XX:+AutoCreateSharedArchive -XX:SharedArchiveFile=c:\Users\lucia\AppData\Roaming\Code\User\globalStorage\redhat.java\1.56.2026071108\jdtls.jsa c:\Users\lucia\.vscode\extensions\redhat.java-1.56.2026071108-win32-x64\server\plugins\org.eclipse.equinox.launcher_1.7.200.v20260619-2039.jar -configuration c:\Users\lucia\AppData\Roaming\Code\User\globalStorage\redhat.java\1.56.2026071108\config_win -data c:\Users\lucia\AppData\Roaming\Code\User\workspaceStorage\03d3d9b911a128ddc38f2a73ef80155c\redhat.java\jdt_ws --pipe=\\.\pipe\lsp-fd97869cb53680788fabac7e3ecf2821-sock

Host: Intel(R) Core(TM) i5-10300H CPU @ 2.50GHz, 8 cores, 31G,  Windows 11 , 64 bit Build 26100 (10.0.26100.8521)
Time: Mon Jul 13 13:40:04 2026 E. South America Standard Time elapsed time: 2.249898 seconds (0d 0h 0m 2s)

---------------  T H R E A D  ---------------

Current thread (0x000002182eff6040):  JavaThread "Unknown thread" [_thread_in_vm, id=32688, stack(0x000000d7e7600000,0x000000d7e7700000) (1024K)]

Stack: [0x000000d7e7600000,0x000000d7e7700000]
Native frames: (J=compiled Java code, j=interpreted, Vv=VM code, C=native code)
V  [jvm.dll+0x6ca6d9]
V  [jvm.dll+0x854f51]
V  [jvm.dll+0x85747e]
V  [jvm.dll+0x857b53]
V  [jvm.dll+0x27dcc6]
V  [jvm.dll+0xbf7d7]
V  [jvm.dll+0x6fe652]
V  [jvm.dll+0x6ff38c]
V  [jvm.dll+0x6d9133]
V  [jvm.dll+0x81e9ac]
V  [jvm.dll+0x3bab5c]
V  [jvm.dll+0x807758]
V  [jvm.dll+0x44fdae]
V  [jvm.dll+0x4519a1]
C  [jli.dll+0x52a3]
C  [ucrtbase.dll+0x2cd30]
C  [KERNEL32.DLL+0x2e957]
C  [ntdll.dll+0x87c1c]


---------------  P R O C E S S  ---------------

Threads class SMR info:
_java_thread_list=0x000002184abfcc40, length=1, elements={
0x000002182eff6040
}

Java Threads: ( => current thread )
=>0x000002182eff6040 JavaThread "Unknown thread"             [_thread_in_vm, id=32688, stack(0x000000d7e7600000,0x000000d7e7700000) (1024K)]
Total: 1

Other Threads:
  0x000002184abfda20 WatcherThread "VM Periodic Task Thread"        [id=28992, stack(0x000000d7e7800000,0x000000d7e7900000) (1024K)]
  0x000002182f00ac70 WorkerThread "GC Thread#0"                     [id=14708, stack(0x000000d7e7700000,0x000000d7e7800000) (1024K)]
Total: 2

Threads with active compile tasks:
Total: 0

VM state: not at safepoint (normal execution)

VM Mutex/Monitor currently owned by a thread: None

Heap address: 0x0000000080000000, size: 2048 MB, Compressed Oops mode: 32-bit

CDS archive(s) mapped at: [0x000002184b000000-0x000002184bc90000-0x000002184bc90000), size 13172736, SharedBaseAddress: 0x000002184b000000, ArchiveRelocationMode: 1.
Compressed class space mapped at: 0x0000021850000000-0x0000021890000000, reserved size: 1073741824
Narrow klass base: 0x000002184b000000, Narrow klass shift: 0, Narrow klass range: 0x100000000

GC Precious Log:
 CardTable entry size: 512
 CPUs: 8 total, 8 available
 Memory: 32606M
 Large Page Support: Disabled
 NUMA Support: Disabled
 Compressed Oops: Enabled (32-bit)
 Alignments: Space 512K, Generation 512K, Heap 2M
 Heap Min Capacity: 100M
 Heap Initial Capacity: 100M
 Heap Max Capacity: 2G
 Pre-touch: Disabled
 Parallel Workers: 8

Heap:
 PSYoungGen      total 29696K, used 512K [0x00000000d5580000, 0x00000000d7680000, 0x0000000100000000)
  eden space 25600K, 2% used [0x00000000d5580000,0x00000000d5600020,0x00000000d6e80000)
  from space 4096K, 0% used [0x00000000d7280000,0x00000000d7280000,0x00000000d7680000)
  to   space 4096K, 0% used [0x00000000d6e80000,0x00000000d6e80000,0x00000000d7280000)
 ParOldGen       total 68608K, used 0K [0x0000000080000000, 0x0000000084300000, 0x00000000d5580000)
  object space 68608K, 0% used [0x0000000080000000,0x0000000080000000,0x0000000084300000)
 Metaspace       used 0K, committed 0K, reserved 1048576K
  class space    used 0K, committed 0K, reserved 1048576K

Card table byte_map: [0x000002182e970000,0x000002182ed80000] _byte_map_base: 0x000002182e570000

Marking Bits: (ParMarkBitMap*) 0x00007ffadfda2df0
 Begin Bits: [0x00000218466e0000, 0x00000218486e0000)
 End Bits:   [0x00000218486e0000, 0x000002184a6e0000)

Polling page: 0x000002182cfb0000

Metaspace:

Usage:
  Non-class:      0 bytes used.
      Class:      0 bytes used.
       Both:      0 bytes used.

Virtual space:
  Non-class space:        0 bytes reserved,       0 bytes (  ?%) committed,  0 nodes.
      Class space:        1.00 GB reserved,       0 bytes (  0%) committed,  1 nodes.
             Both:        1.00 GB reserved,       0 bytes (  0%) committed. 

Chunk freelists:
   Non-Class:  0 bytes
       Class:  16.00 MB
        Both:  16.00 MB

MaxMetaspaceSize: unlimited
CompressedClassSpaceSize: 1.00 GB
Initial GC threshold: 21.00 MB
Current GC threshold: 17179869184.00 GB
CDS: on
 - commit_granule_bytes: 65536.
 - commit_granule_words: 8192.
 - virtual_space_node_default_size: 8388608.
 - enlarge_chunks_in_place: 1.
 - use_allocation_guard: 0.


Internal statistics:

num_allocs_failed_limit: 0.
num_arena_births: 0.
num_arena_deaths: 0.
num_vsnodes_births: 1.
num_vsnodes_deaths: 0.
num_space_committed: 0.
num_space_uncommitted: 0.
num_chunks_returned_to_freelist: 0.
num_chunks_taken_from_freelist: 1.
num_chunk_merges: 0.
num_chunk_splits: 1.
num_chunks_enlarged: 0.
num_inconsistent_stats: 0.

CodeHeap 'non-profiled nmethods': size=120000Kb used=0Kb max_used=0Kb free=120000Kb
 bounds [0x000002183ef00000, 0x000002183f170000, 0x0000021846430000]
CodeHeap 'profiled nmethods': size=120000Kb used=0Kb max_used=0Kb free=120000Kb
 bounds [0x0000021837430000, 0x00000218376a0000, 0x000002183e960000]
CodeHeap 'non-nmethods': size=5760Kb used=194Kb max_used=342Kb free=5565Kb
 bounds [0x000002183e960000, 0x000002183ebd0000, 0x000002183ef00000]
 total_blobs=70 nmethods=0 adapters=48
 compilation: enabled
              stopped_count=0, restarted_count=0
 full_count=0

Compilation events (0 events):
No events

GC Heap History (0 events):
No events

Dll operation events (1 events):
Event: 0.037 Loaded shared library C:\Program Files\Java\jdk-21\bin\java.dll

Deoptimization events (0 events):
No events

Classes loaded (0 events):
No events

Classes unloaded (0 events):
No events

Classes redefined (0 events):
No events

Internal exceptions (0 events):
No events

ZGC Phase Switch (0 events):
No events

VM Operations (0 events):
No events

Events (1 events):
Event: 1.242 Thread 0x000002182eff6040 Thread added: 0x000002182eff6040


Dynamic libraries:
0x00007ff691830000 - 0x00007ff691840000 	C:\Program Files\Java\jdk-21\bin\java.exe
0x00007ffb857a0000 - 0x00007ffb85a06000 	C:\WINDOWS\SYSTEM32\ntdll.dll
0x00007ffb84180000 - 0x00007ffb84249000 	C:\WINDOWS\System32\KERNEL32.DLL
0x00007ffb82da0000 - 0x00007ffb8319a000 	C:\WINDOWS\System32\KERNELBASE.dll
0x00007ffb831a0000 - 0x00007ffb832ec000 	C:\WINDOWS\System32\ucrtbase.dll
0x00007ffb74e80000 - 0x00007ffb74e99000 	C:\Program Files\Java\jdk-21\bin\jli.dll
0x00007ffb84360000 - 0x00007ffb84416000 	C:\WINDOWS\System32\ADVAPI32.dll
0x00007ffb83870000 - 0x00007ffb83919000 	C:\WINDOWS\System32\msvcrt.dll
0x00007ffb842b0000 - 0x00007ffb8435a000 	C:\WINDOWS\System32\sechost.dll
0x00007ffb852c0000 - 0x00007ffb853d8000 	C:\WINDOWS\System32\RPCRT4.dll
0x00007ffb84f00000 - 0x00007ffb850c7000 	C:\WINDOWS\System32\USER32.dll
0x00007ffb82ce0000 - 0x00007ffb82d07000 	C:\WINDOWS\System32\win32u.dll
0x00007ffb847b0000 - 0x00007ffb847db000 	C:\WINDOWS\System32\GDI32.dll
0x00007ffb82bb0000 - 0x00007ffb82cdb000 	C:\WINDOWS\System32\gdi32full.dll
0x00007ffb832f0000 - 0x00007ffb83393000 	C:\WINDOWS\System32\msvcp_win.dll
0x00007ffb74e60000 - 0x00007ffb74e7b000 	C:\Program Files\Java\jdk-21\bin\VCRUNTIME140.dll
0x00007ffb68960000 - 0x00007ffb68bf2000 	C:\WINDOWS\WinSxS\amd64_microsoft.windows.common-controls_6595b64144ccf1df_6.0.26100.8521_none_3e08b75ce33403b3\COMCTL32.dll
0x00007ffb736a0000 - 0x00007ffb736ab000 	C:\WINDOWS\SYSTEM32\VERSION.dll
0x00007ffb83720000 - 0x00007ffb83752000 	C:\WINDOWS\System32\IMM32.DLL
0x00007ffab5470000 - 0x00007ffab558a000 	C:\Program Files\Topaz OFD\Warsaw\wslbscr64.dll
0x00007ffb839f0000 - 0x00007ffb84174000 	C:\WINDOWS\System32\SHELL32.dll
0x00007ffb818e0000 - 0x00007ffb81916000 	C:\WINDOWS\SYSTEM32\ntmarta.dll
0x00007ffab5070000 - 0x00007ffab516a000 	C:\Program Files\Topaz OFD\Warsaw\wslbscrwh64.dll
0x00007ffb75040000 - 0x00007ffb7504c000 	C:\Program Files\Java\jdk-21\bin\vcruntime140_1.dll
0x00007ffb58e60000 - 0x00007ffb58eee000 	C:\Program Files\Java\jdk-21\bin\msvcp140.dll
0x00007ffadf160000 - 0x00007ffadfe7a000 	C:\Program Files\Java\jdk-21\bin\server\jvm.dll
0x00007ffb84e70000 - 0x00007ffb84ef0000 	C:\WINDOWS\System32\WS2_32.dll
0x00007ffb82890000 - 0x00007ffb828ee000 	C:\WINDOWS\SYSTEM32\POWRPROF.dll
0x00007ffb6f990000 - 0x00007ffb6f9c6000 	C:\WINDOWS\SYSTEM32\WINMM.dll
0x00007ffb82870000 - 0x00007ffb82884000 	C:\WINDOWS\SYSTEM32\UMPDC.dll
0x00007ffb817a0000 - 0x00007ffb817bb000 	C:\WINDOWS\SYSTEM32\kernel.appcore.dll
0x00007ffb74f40000 - 0x00007ffb74f4a000 	C:\Program Files\Java\jdk-21\bin\jimage.dll
0x00007ffb6dac0000 - 0x00007ffb6dd02000 	C:\WINDOWS\SYSTEM32\DBGHELP.DLL
0x00007ffb84420000 - 0x00007ffb847a3000 	C:\WINDOWS\System32\combase.dll
0x00007ffb83640000 - 0x00007ffb83719000 	C:\WINDOWS\System32\OLEAUT32.dll
0x00007ffb5aae0000 - 0x00007ffb5ab1b000 	C:\WINDOWS\SYSTEM32\dbgcore.DLL
0x000002182cf00000 - 0x000002182cfa8000 	C:\WINDOWS\System32\bcryptPrimitives.dll
0x00007ffb5fbf0000 - 0x00007ffb5fbff000 	C:\Program Files\Java\jdk-21\bin\instrument.dll
0x00007ffb74e40000 - 0x00007ffb74e5f000 	C:\Program Files\Java\jdk-21\bin\java.dll

dbghelp: loaded successfully - version: 4.0.5 - missing functions: none
symbol engine: initialized successfully - sym options: 0x614 - pdb path: .;C:\Program Files\Java\jdk-21\bin;C:\WINDOWS\SYSTEM32;C:\WINDOWS\WinSxS\amd64_microsoft.windows.common-controls_6595b64144ccf1df_6.0.26100.8521_none_3e08b75ce33403b3;C:\Program Files\Topaz OFD\Warsaw;C:\Program Files\Java\jdk-21\bin\server

VM Arguments:
jvm_args: --add-modules=ALL-SYSTEM --add-opens=java.base/java.util=ALL-UNNAMED --add-opens=java.base/java.lang=ALL-UNNAMED --add-opens=java.base/sun.nio.fs=ALL-UNNAMED -Declipse.application=org.eclipse.jdt.ls.core.id1 -Dosgi.bundles.defaultStartLevel=4 -Declipse.product=org.eclipse.jdt.ls.core.product -Djava.import.generatesMetadataFilesAtProjectRoot=false -DDetectVMInstallationsJob.disabled=true -Dfile.encoding=utf8 -XX:+UseParallelGC -XX:GCTimeRatio=4 -XX:AdaptiveSizePolicyWeight=90 -Dsun.zip.disableMemoryMapping=true -Xmx2G -Xms100m -Xlog:disable -javaagent:c:\Users\lucia\.vscode\extensions\redhat.java-1.56.2026071108-win32-x64\lombok\lombok-1.18.39-4050.jar -XX:+HeapDumpOnOutOfMemoryError -XX:HeapDumpPath=c:\Users\lucia\AppData\Roaming\Code\User\workspaceStorage\03d3d9b911a128ddc38f2a73ef80155c\redhat.java -Daether.dependencyCollector.impl=bf -XX:+UnlockDiagnosticVMOptions -XX:+AllowArchivingWithJavaAgent -XX:+AutoCreateSharedArchive -XX:SharedArchiveFile=c:\Users\lucia\AppData\Roaming\Code\User\globalStorage\redhat.java\1.56.2026071108\jdtls.jsa 
java_command: c:\Users\lucia\.vscode\extensions\redhat.java-1.56.2026071108-win32-x64\server\plugins\org.eclipse.equinox.launcher_1.7.200.v20260619-2039.jar -configuration c:\Users\lucia\AppData\Roaming\Code\User\globalStorage\redhat.java\1.56.2026071108\config_win -data c:\Users\lucia\AppData\Roaming\Code\User\workspaceStorage\03d3d9b911a128ddc38f2a73ef80155c\redhat.java\jdt_ws --pipe=\\.\pipe\lsp-fd97869cb53680788fabac7e3ecf2821-sock
java_class_path (initial): c:\Users\lucia\.vscode\extensions\redhat.java-1.56.2026071108-win32-x64\server\plugins\org.eclipse.equinox.launcher_1.7.200.v20260619-2039.jar
Launcher Type: SUN_STANDARD

[Global flags]
    uintx AdaptiveSizePolicyWeight                 = 90                                        {product} {command line}
     bool AllowArchivingWithJavaAgent              = true                             {JVMCI diagnostic} {command line}
     bool AutoCreateSharedArchive                  = true                                {JVMCI product} {command line}
     intx CICompilerCount                          = 4                                         {product} {ergonomic}
    uintx GCTimeRatio                              = 4                                         {product} {command line}
     bool HeapDumpOnOutOfMemoryError               = true                                   {manageable} {command line}
    ccstr HeapDumpPath                             = c:\Users\lucia\AppData\Roaming\Code\User\workspaceStorage\03d3d9b911a128ddc38f2a73ef80155c\redhat.java         {manageable} {command line}
   size_t InitialHeapSize                          = 104857600                                 {product} {command line}
   size_t MaxHeapSize                              = 2147483648                                {product} {command line}
   size_t MaxNewSize                               = 715653120                                 {product} {ergonomic}
   size_t MinHeapDeltaBytes                        = 524288                                    {product} {ergonomic}
   size_t MinHeapSize                              = 104857600                                 {product} {command line}
   size_t NewSize                                  = 34603008                                  {product} {ergonomic}
    uintx NonNMethodCodeHeapSize                   = 5839372                                {pd product} {ergonomic}
    uintx NonProfiledCodeHeapSize                  = 122909434                              {pd product} {ergonomic}
   size_t OldSize                                  = 70254592                                  {product} {ergonomic}
    uintx ProfiledCodeHeapSize                     = 122909434                              {pd product} {ergonomic}
    uintx ReservedCodeCacheSize                    = 251658240                              {pd product} {ergonomic}
     bool SegmentedCodeCache                       = true                                      {product} {ergonomic}
    ccstr SharedArchiveFile                        = c:\Users\lucia\AppData\Roaming\Code\User\globalStorage\redhat.java\1.56.2026071108\jdtls.jsa      {JVMCI product} {command line}
   size_t SoftMaxHeapSize                          = 2147483648                             {manageable} {ergonomic}
     bool UnlockDiagnosticVMOptions                = true                                   {diagnostic} {command line}
     bool UseCompressedOops                        = true                           {product lp64_product} {ergonomic}
     bool UseLargePagesIndividualAllocation        = false                                  {pd product} {ergonomic}
     bool UseParallelGC                            = true                                      {product} {command line}

Logging:
Log output configuration:
 #0: stdout all=off uptime,level,tags foldmultilines=false
 #1: stderr all=off uptime,level,tags foldmultilines=false

Environment Variables:
JAVA_HOME=C:\Program Files\Java\jdk-21
PATH=C:\Program Files\NVIDIA GPU Computing Toolkit\CUDA\v13.0\bin\x64;C:\Program Files\NVIDIA GPU Computing Toolkit\CUDA\v13.0\bin;C:\VulkanSDK\1.4.313.1\Bin;C:\Program Files\Common Files\Oracle\Java\javapath;C:\Python313\Scripts\;C:\Python313\;C:\Program Files (x86)\Common Files\Oracle\Java\java8path;C:\Program Files (x86)\Common Files\Oracle\Java\javapath;C:\Python312\Scripts\;C:\Python312\;C:\Windows\system32;C:\Windows;C:\Windows\System32\Wbem;C:\Windows\System32\WindowsPowerShell\v1.0\;C:\Windows\System32\OpenSSH\;C:\Program Files (x86)\NVIDIA Corporation\PhysX\Common;C:\Users\lucia\AppData\Roaming\nvm;C:\Program Files\nodejs;C:\ProgramData\chocolatey\bin;C:\Users\lucia\programacao\apache-maven-3.9.4\bin;C:\Program Files\OpenSSL-Win64\bin;C:\premake-5.0.0-beta2-windows;C:\vcpkg;C:\Program Files\dotnet\;C:\Program Files\PuTTY\;C:\Users\lucia\AppData\Local\Android\Sdk\cmake\3.22.1\bin;C:\Program Files\nodejs\;C:\Program Files\NVIDIA Corporation\NVIDIA app\NvDLISR;C:\Program Files\Java\jdk-21\bin;C:\Program Files (x86)\Windows Kits\10\Windows Performance Toolkit\;C:\Program Files\WinMerge;C:\Program Files\NVIDIA Corporation\Nsight Compute 2025.3.1\;C:\Program Files\Amazon\AWSCLIV2\;C:\WINDOWS\system32;C:\WINDOWS;C:\WINDOWS\System32\Wbem;C:\WINDOWS\System32\WindowsPowerShell\v1.0\;C:\WINDOWS\System32\OpenSSH\;C:\Program Files\Git\cmd;C:\Users\lucia\.local\bin\;C:\Users\lucia\AppData\Local\Programs\Python\Launcher\;C:\Users\lucia\AppData\Local\Microsoft\WindowsApps;C:\Users\lucia\AppData\Local\Android\Sdk\platform-tools;C:\Users\lucia\AppData\Local\Android\Sdk\tools;C:\Program Files\ninja;C:\Program Files\JetBrains\IntelliJ IDEA 2023.1.2\bin;;C:\Users\lucia\programacao\ncat-portable-5.59BETA1;C:\Program Files (x86)\Nmap;C:\Users\lucia\AppData\Roaming\npm;C:\Qt\6.9.0\msvc2022_64\bin;;C:\Program Files\JetBrains\IntelliJ IDEA Community Edition 2025.1.1.1\bin;;C:\Program Files\JetBrains\CLion 2025.1.1\bin;;C:\Users\lucia\AppData\Local\Programs\Microsoft VS Code\bin;C:\Users\lucia\.dotnet\tools
USERNAME=lucia
OS=Windows_NT
PROCESSOR_IDENTIFIER=Intel64 Family 6 Model 165 Stepping 2, GenuineIntel
TMP=C:\Users\lucia\AppData\Local\Temp
TEMP=C:\Users\lucia\AppData\Local\Temp




Periodic native trim disabled

---------------  S Y S T E M  ---------------

OS:
 Windows 11 , 64 bit Build 26100 (10.0.26100.8521)
OS uptime: 0 days 4:21 hours
Hyper-V role detected

CPU: total 8 (initial active 8) (4 cores per cpu, 2 threads per core) family 6 model 165 stepping 2 microcode 0xe0, cx8, cmov, fxsr, ht, mmx, 3dnowpref, sse, sse2, sse3, ssse3, sse4.1, sse4.2, popcnt, lzcnt, tsc, tscinvbit, avx, avx2, aes, erms, clmul, bmi1, bmi2, adx, fma, vzeroupper, clflush, clflushopt, hv, rdtscp, f16c
Processor Information for all 8 processors :
  Max Mhz: 2496, Current Mhz: 2496, Mhz Limit: 2496

Memory: 4k page, system-wide physical 32606M (7820M free)
TotalPageFile size 93588M (AvailPageFile size 0M)
current process WorkingSet (physical memory assigned to process): 56M, peak: 56M
current process commit charge ("private bytes"): 221M, peak: 254M

vm_info: Java HotSpot(TM) 64-Bit Server VM (21.0.6+8-LTS-188) for windows-amd64 JRE (21.0.6+8-LTS-188), built on 2024-12-03T10:50:54Z by "mach5one" with MS VC++ 17.6 (VS2022)

END.
